<?xml version="1.0" encoding="UTF-8"?>
<Site BuildName="(empty)"
	BuildStamp="20251006-1252-Experimental"
	Name="(empty)"
	Generator="ctest-3.31.6"
	CompilerName=""
	CompilerVersion=""
	OSName="Linux"
	Hostname="ravi-HP-Laptop-14-gr1xxx"
	OSRelease="6.14.0-33-generic"
	OSVersion="#33-Ubuntu SMP PREEMPT_DYNAMIC Wed Sep 17 23:22:02 UTC 2025"
	OSPlatform="x86_64"
	Is64Bits="1"
	VendorString="GenuineIntel"
	VendorID="Intel Corporation"
	FamilyID="6"
	ModelID="170"
	ModelName="Intel(R) Core(TM) Ultra 7 155H"
	ProcessorCacheSize="24576"
	NumberOfLogicalCPU="22"
	NumberOfPhysicalCPU="16"
	TotalVirtualMemory="4095"
	TotalPhysicalMemory="14983"
	LogicalProcessorsPerPhysical="1"
	ProcessorClockFrequency="1782.64"
	>
	<Testing>
		<StartDateTime>Oct 06 18:22 IST</StartDateTime>
		<StartTestTime>1759755141</StartTestTime>
		<TestList/>
		<EndDateTime>Oct 06 18:22 IST</EndDateTime>
		<EndTestTime>1759755141</EndTestTime>
		<ElapsedMinutes>0</ElapsedMinutes>
	</Testing>
</Site>
